 | CPU load: 0
 | CPU load: 0
 | CPU load: 0
 | CPU load: 0
 | CPU load: 3
 | CPU load: 7
 | CPU load: 7
 | CPU load: 7
 | CPU load: 7
 | CPU load: 9
 | CPU load: 9
 | CPU load: 12
Tue Dec 24 12:25:48 +05 2024 | CPU load: 3
Tue Dec 24 12:25:51 +05 2024 | CPU load: 3
Tue Dec 24 12:25:54 +05 2024 | CPU load: 6
Tue Dec 24 12:25:54 +05 2024 | CPU load: 6
Tue Dec 24 12:25:57 +05 2024 | CPU load: 6
Tue Dec 24 12:25:57 +05 2024 | CPU load: 6
Tue Dec 24 12:26:01 +05 2024 | CPU load: 9
Tue Dec 24 12:26:01 +05 2024 | CPU load: 9
Tue Dec 24 12:26:04 +05 2024 | CPU load: 11
Tue Dec 24 12:26:09 +05 2024 | CPU load: 11
Tue Dec 24 12:26:12 +05 2024 | CPU load: 14
Tue Dec 24 12:26:15 +05 2024 | CPU load: 16
Tue Dec 24 12:26:18 +05 2024 | CPU load: 16
Tue Dec 24 12:26:56 +05 2024 | CPU load: 9
Tue Dec 24 12:26:56 +05 2024 | CPU load%: 9
Tue Dec 24 12:27:00 +05 2024 | CPU load: 8
Tue Dec 24 12:27:00 +05 2024 | CPU load%: 8
Tue Dec 24 12:27:03 +05 2024 | CPU load%: 11
Tue Dec 24 12:27:06 +05 2024 | CPU load%: 11
Tue Dec 24 12:27:09 +05 2024 | CPU load%: 13
Tue Dec 24 12:27:12 +05 2024 | CPU load%: 13
Tue Dec 24 12:27:15 +05 2024 | CPU load%: 16
Tue Dec 24 12:27:20 +05 2024 | CPU load%: 18
Tue Dec 24 12:27:23 +05 2024 | CPU load%: 18
Tue Dec 24 12:27:26 +05 2024 | CPU load%: 20
Tue Dec 24 12:27:29 +05 2024 | CPU load%: 20
Tue Dec 24 12:27:32 +05 2024 | CPU load%: 22
Tue Dec 24 12:27:35 +05 2024 | CPU load%: 23
Tue Dec 24 12:27:38 +05 2024 | CPU load%: 23
Tue Dec 24 12:28:33 +05 2024 | CPU load%: 10
Tue Dec 24 12:28:36 +05 2024 | CPU load: 9
Tue Dec 24 12:28:36 +05 2024 | CPU load%: 9
Tue Dec 24 12:28:40 +05 2024 | CPU load: 9
Tue Dec 24 12:28:40 +05 2024 | CPU load%: 9
Tue Dec 24 12:28:43 +05 2024 | CPU load%: 12
Tue Dec 24 12:28:46 +05 2024 | CPU load%: 14
Tue Dec 24 12:28:49 +05 2024 | CPU load%: 14
Tue Dec 24 12:28:52 +05 2024 | CPU load%: 16
Tue Dec 24 12:28:55 +05 2024 | CPU load%: 18
Tue Dec 24 12:28:58 +05 2024 | CPU load%: 18
Tue Dec 24 12:29:04 +05 2024 | CPU load%: 20
Tue Dec 24 12:29:07 +05 2024 | CPU load%: 20
Tue Dec 24 12:30:37 +05 2024 | CPU load%: 9
Tue Dec 24 12:30:40 +05 2024 | CPU load%: 12
Tue Dec 24 12:30:43 +05 2024 | CPU load%: 14
Tue Dec 24 12:30:49 +05 2024 | CPU load%: 14
Tue Dec 24 12:30:52 +05 2024 | CPU load%: 17
Tue Dec 24 12:30:55 +05 2024 | CPU load%: 19
Tue Dec 24 12:30:58 +05 2024 | CPU load%: 19
Tue Dec 24 12:31:01 +05 2024 | CPU load%: 21
Tue Dec 24 12:31:04 +05 2024 | CPU load%: 21
Tue Dec 24 12:31:07 +05 2024 | CPU load%: 22
Tue Dec 24 12:31:10 +05 2024 | CPU load%: 24
Tue Dec 24 12:31:13 +05 2024 | CPU load%: 24
Tue Dec 24 12:31:16 +05 2024 | CPU load%: 25
Tue Dec 24 12:31:21 +05 2024 | CPU load%: 25
Tue Dec 24 12:31:43 +05 2024 | CPU load: 31
Tue Dec 24 12:31:46 +05 2024 | CPU load: 31
Tue Dec 24 12:31:50 +05 2024 | CPU load: 32
Tue Dec 24 12:31:55 +05 2024 | CPU load: 33
Tue Dec 24 12:31:59 +05 2024 | CPU load: 33
Tue Dec 24 12:32:02 +05 2024 | CPU load: 34
Tue Dec 24 12:34:29 +05 2024 | CPU load%: 3
Tue Dec 24 12:34:32 +05 2024 | CPU load%: 3
Tue Dec 24 12:34:35 +05 2024 | CPU load%: 6
Tue Dec 24 12:34:39 +05 2024 | CPU load%: 9
Tue Dec 24 12:34:42 +05 2024 | CPU load%: 9
Tue Dec 24 12:34:48 +05 2024 | CPU load%: 12
Tue Dec 24 12:34:51 +05 2024 | CPU load%: 15
Tue Dec 24 12:34:54 +05 2024 | CPU load%: 15
Tue Dec 24 12:34:57 +05 2024 | CPU load%: 17
Tue Dec 24 12:35:00 +05 2024 | CPU load%: 17
Tue Dec 24 12:35:03 +05 2024 | CPU load%: 19
Tue Dec 24 12:35:06 +05 2024 | CPU load%: 21
Tue Dec 24 12:35:09 +05 2024 | CPU load%: 21
Tue Dec 24 12:35:12 +05 2024 | CPU load%: 23
Tue Dec 24 12:35:15 +05 2024 | CPU load%: 23
Tue Dec 24 12:35:18 +05 2024 | CPU load%: 24
Tue Dec 24 12:35:24 +05 2024 | CPU load%: 26
Tue Dec 24 12:35:27 +05 2024 | CPU load%: 26
Tue Dec 24 12:35:30 +05 2024 | CPU load%: 27
Tue Dec 24 12:35:33 +05 2024 | CPU load%: 27
Tue Dec 24 12:35:36 +05 2024 | CPU load%: 28
Tue Dec 24 12:35:39 +05 2024 | CPU load%: 29
Tue Dec 24 12:35:42 +05 2024 | CPU load%: 29
Tue Dec 24 12:35:45 +05 2024 | CPU load%: 27
Tue Dec 24 12:35:48 +05 2024 | CPU load%: 27
Tue Dec 24 12:35:51 +05 2024 | CPU load%: 25
Tue Dec 24 12:35:54 +05 2024 | CPU load%: 23
Tue Dec 24 12:35:59 +05 2024 | CPU load%: 23
Tue Dec 24 12:36:02 +05 2024 | CPU load%: 21
Tue Dec 24 12:36:05 +05 2024 | CPU load%: 21
Tue Dec 24 12:36:08 +05 2024 | CPU load%: 19
Tue Dec 24 12:36:11 +05 2024 | CPU load%: 18
Tue Dec 24 12:36:14 +05 2024 | CPU load%: 18
Tue Dec 24 12:36:17 +05 2024 | CPU load%: 16
Tue Dec 24 12:36:20 +05 2024 | CPU load%: 16
Tue Dec 24 12:36:23 +05 2024 | CPU load%: 15
Tue Dec 24 12:36:26 +05 2024 | CPU load%: 14
Tue Dec 24 12:36:29 +05 2024 | CPU load%: 14
Tue Dec 24 12:36:34 +05 2024 | CPU load%: 12
Tue Dec 24 12:36:37 +05 2024 | CPU load%: 12
Tue Dec 24 12:36:40 +05 2024 | CPU load%: 11
Tue Dec 24 12:36:43 +05 2024 | CPU load%: 10
Tue Dec 24 12:36:46 +05 2024 | CPU load%: 10
Tue Dec 24 12:36:49 +05 2024 | CPU load%: 10
Tue Dec 24 12:36:52 +05 2024 | CPU load%: 10
Tue Dec 24 12:36:55 +05 2024 | CPU load%: 9
Tue Dec 24 12:36:59 +05 2024 | CPU load%: 8
Tue Dec 24 12:37:02 +05 2024 | CPU load%: 8
Tue Dec 24 12:37:08 +05 2024 | CPU load%: 7
Tue Dec 24 12:37:12 +05 2024 | CPU load%: 7
Tue Dec 24 12:37:15 +05 2024 | CPU load%: 7
Tue Dec 24 12:37:19 +05 2024 | CPU load%: 6
Tue Dec 24 12:37:22 +05 2024 | CPU load%: 6
Tue Dec 24 12:37:26 +05 2024 | CPU load%: 6
Tue Dec 24 12:37:29 +05 2024 | CPU load%: 5
Tue Dec 24 12:37:33 +05 2024 | CPU load%: 5
Tue Dec 24 12:37:36 +05 2024 | CPU load%: 4
Tue Dec 24 12:40:01 +05 2024 | CPU load%: 7
Tue Dec 24 12:42:29 +05 2024 | CPU load%: 31
Tue Dec 24 12:42:33 +05 2024 | CPU load%: 31
Tue Dec 24 12:42:36 +05 2024 | CPU load%: 32
Tue Dec 24 12:42:40 +05 2024 | CPU load%: 33
Tue Dec 24 12:42:43 +05 2024 | CPU load%: 33
Tue Dec 24 12:42:46 +05 2024 | CPU load%: 33
Tue Dec 24 12:44:59 +05 2024 | CPU load%: 4
Tue Dec 24 12:45:02 +05 2024 | CPU load%: 4
Tue Dec 24 12:47:05 +05 2024 | CPU load%: 4
Tue Dec 24 12:47:09 +05 2024 | CPU load%: 7
Tue Dec 24 12:47:12 +05 2024 | CPU load%: 7
Tue Dec 24 12:48:24 +05 2024 | CPU load%: 31
Tue Dec 24 12:48:27 +05 2024 | CPU load%: 31
Tue Dec 24 12:48:30 +05 2024 | CPU load%: 32
Tue Dec 24 12:48:34 +05 2024 | CPU load%: 33
Tue Dec 24 12:48:37 +05 2024 | CPU load%: 33
Tue Dec 24 12:50:26 +05 2024 | CPU load%: 32
Tue Dec 24 12:50:30 +05 2024 | CPU load%: 35
Tue Dec 24 12:50:33 +05 2024 | CPU load%: 35
Tue Dec 24 12:50:37 +05 2024 | CPU load%: 38
Tue Dec 24 12:50:40 +05 2024 | CPU load%: 41
Tue Dec 24 12:50:44 +05 2024 | CPU load%: 41
Tue Dec 24 12:53:06 +05 2024 | CPU load%: 4
Tue Dec 24 12:53:09 +05 2024 | CPU load%: 4
Tue Dec 24 12:53:12 +05 2024 | CPU load%: 4
Tue Dec 24 12:53:18 +05 2024 | CPU load%: 4
Tue Dec 24 12:53:22 +05 2024 | CPU load%: 3
Tue Dec 24 12:53:25 +05 2024 | CPU load%: 3
Tue Dec 24 12:53:28 +05 2024 | CPU load%: 3
Tue Dec 24 12:53:31 +05 2024 | CPU load%: 3
Tue Dec 24 12:53:34 +05 2024 | CPU load%: 3
Tue Dec 24 12:53:37 +05 2024 | CPU load%: 3
Tue Dec 24 12:53:40 +05 2024 | CPU load%: 3
Tue Dec 24 12:53:43 +05 2024 | CPU load%: 2
Tue Dec 24 12:53:46 +05 2024 | CPU load%: 2
Tue Dec 24 12:53:49 +05 2024 | CPU load%: 2
Tue Dec 24 12:53:55 +05 2024 | CPU load%: 2
Tue Dec 24 12:53:58 +05 2024 | CPU load%: 2
Tue Dec 24 12:54:01 +05 2024 | CPU load%: 2
Tue Dec 24 12:54:04 +05 2024 | CPU load%: 2
Tue Dec 24 12:54:07 +05 2024 | CPU load%: 1
Tue Dec 24 12:54:10 +05 2024 | CPU load%: 1
Tue Dec 24 12:58:17 +05 2024 | CPU load%: 
Tue Dec 24 12:58:20 +05 2024 | CPU load%: 
Tue Dec 24 12:59:19 +05 2024 | CPU load%: 000
Tue Dec 24 12:59:22 +05 2024 | CPU load%: 000
Tue Dec 24 12:59:25 +05 2024 | CPU load%: 000
Tue Dec 24 12:59:28 +05 2024 | CPU load%: 000
Tue Dec 24 12:59:31 +05 2024 | CPU load%: 000
Tue Dec 24 12:59:34 +05 2024 | CPU load%: 000
Tue Dec 24 12:59:39 +05 2024 | CPU load%: 000
Tue Dec 24 12:59:42 +05 2024 | CPU load%: 000
Tue Dec 24 12:59:45 +05 2024 | CPU load%: 000
Tue Dec 24 12:59:48 +05 2024 | CPU load%: 160
Tue Dec 24 12:59:51 +05 2024 | CPU load%: 308
Tue Dec 24 12:59:55 +05 2024 | CPU load%: 308
Tue Dec 24 12:59:58 +05 2024 | CPU load%: 443
Tue Dec 24 13:00:01 +05 2024 | CPU load%: 568
Tue Dec 24 13:00:05 +05 2024 | CPU load%: 568
Tue Dec 24 13:00:08 +05 2024 | CPU load%: 682
Tue Dec 24 13:00:14 +05 2024 | CPU load%: 788
Tue Dec 24 13:00:17 +05 2024 | CPU load%: 788
Tue Dec 24 13:00:21 +05 2024 | CPU load%: 725
Tue Dec 24 13:00:25 +05 2024 | CPU load%: 667
Tue Dec 24 13:00:28 +05 2024 | CPU load%: 613
Tue Dec 24 13:00:32 +05 2024 | CPU load%: 613
Tue Dec 24 13:00:35 +05 2024 | CPU load%: 564
Tue Dec 24 13:00:39 +05 2024 | CPU load%: 519
Tue Dec 24 13:00:42 +05 2024 | CPU load%: 519
Tue Dec 24 13:00:48 +05 2024 | CPU load%: 477
Tue Dec 24 13:00:51 +05 2024 | CPU load%: 439
Tue Dec 24 13:00:54 +05 2024 | CPU load%: 439
Tue Dec 24 13:00:58 +05 2024 | CPU load%: 404
Tue Dec 24 13:01:01 +05 2024 | CPU load%: 372
Tue Dec 24 13:01:05 +05 2024 | CPU load%: 372
Tue Dec 24 13:01:08 +05 2024 | CPU load%: 342
Tue Dec 24 13:01:12 +05 2024 | CPU load%: 314
Tue Dec 24 13:01:15 +05 2024 | CPU load%: 289
Tue Dec 24 13:01:21 +05 2024 | CPU load%: 289
Tue Dec 24 13:01:24 +05 2024 | CPU load%: 274
Tue Dec 24 13:01:27 +05 2024 | CPU load%: 274
Tue Dec 24 13:01:30 +05 2024 | CPU load%: 252
Tue Dec 24 13:01:33 +05 2024 | CPU load%: 232
Tue Dec 24 13:01:36 +05 2024 | CPU load%: 232
Tue Dec 24 13:01:39 +05 2024 | CPU load%: 213
Tue Dec 24 13:01:42 +05 2024 | CPU load%: 213
 | CPU load%: 
Tue Dec 24 13:02:15 +05 2024 | CPU load%: 4
Tue Dec 24 13:02:19 +05 2024 | CPU load%: 4
Tue Dec 24 13:02:22 +05 2024 | CPU load%: 3
Tue Dec 24 13:02:25 +05 2024 | CPU load%: 3
Tue Dec 24 13:02:30 +05 2024 | CPU load%: 3
Tue Dec 24 13:03:24 +05 2024 | CPU load%: 1
Tue Dec 24 13:03:28 +05 2024 | CPU load%: 1
Tue Dec 24 13:03:31 +05 2024 | CPU load%: 7
Tue Dec 24 13:03:34 +05 2024 | CPU load%: 12
Tue Dec 24 13:03:39 +05 2024 | CPU load%: 12
Tue Dec 24 13:03:42 +05 2024 | CPU load%: 17
Tue Dec 24 13:03:45 +05 2024 | CPU load%: 17
Tue Dec 24 13:03:48 +05 2024 | CPU load%: 21
Tue Dec 24 13:03:51 +05 2024 | CPU load%: 25
Tue Dec 24 13:03:54 +05 2024 | CPU load%: 25
Tue Dec 24 13:05:12 +05 2024 | CPU load%: 31
Tue Dec 24 13:05:16 +05 2024 | CPU load%: 34
Tue Dec 24 14:34:20 +05 2024 | CPU load%: 0
Tue Dec 24 14:34:23 +05 2024 | CPU load%: 0
Tue Dec 24 14:34:26 +05 2024 | CPU load%: 0
Tue Dec 24 14:34:29 +05 2024 | CPU load%: 0
Tue Dec 24 14:34:32 +05 2024 | CPU load%: 0
Tue Dec 24 14:34:35 +05 2024 | CPU load%: 1
Tue Dec 24 14:34:38 +05 2024 | CPU load%: 1
Tue Dec 24 14:34:41 +05 2024 | CPU load%: 1
Tue Dec 24 14:34:44 +05 2024 | CPU load%: 2
Tue Dec 24 14:34:47 +05 2024 | CPU load%: 2
Tue Dec 24 14:34:53 +05 2024 | CPU load%: 2
Tue Dec 24 14:34:56 +05 2024 | CPU load%: 2
Tue Dec 24 14:34:59 +05 2024 | CPU load%: 2
Tue Dec 24 14:35:02 +05 2024 | CPU load%: 3
Tue Dec 24 14:35:05 +05 2024 | CPU load%: 3
Tue Dec 24 14:35:08 +05 2024 | CPU load%: 3
Tue Dec 24 14:35:11 +05 2024 | CPU load%: 3
Tue Dec 24 14:35:14 +05 2024 | CPU load%: 3
Tue Dec 24 14:35:17 +05 2024 | CPU load%: 4
Tue Dec 24 14:35:20 +05 2024 | CPU load%: 4
Tue Dec 24 14:35:24 +05 2024 | CPU load%: 4
Tue Dec 24 14:35:30 +05 2024 | CPU load%: 4
Tue Dec 24 14:35:33 +05 2024 | CPU load%: 4
Tue Dec 24 14:35:37 +05 2024 | CPU load%: 4
Tue Dec 24 14:35:40 +05 2024 | CPU load%: 4
Tue Dec 24 14:35:44 +05 2024 | CPU load%: 4
Tue Dec 24 14:35:48 +05 2024 | CPU load%: 5
Tue Dec 24 14:35:52 +05 2024 | CPU load%: 4
Tue Dec 24 14:36:22 +05 2024 | CPU load%: 31
Tue Dec 24 14:36:26 +05 2024 | CPU load%: 31
Tue Dec 24 14:36:29 +05 2024 | CPU load%: 34
Tue Dec 24 14:36:33 +05 2024 | CPU load%: 37
Tue Dec 24 14:36:39 +05 2024 | CPU load%: 37
Tue Dec 24 14:36:43 +05 2024 | CPU load%: 34
Tue Dec 24 14:36:47 +05 2024 | CPU load%: 31
Tue Dec 24 14:36:50 +05 2024 | CPU load%: 29
Tue Dec 24 14:36:53 +05 2024 | CPU load%: 29
Tue Dec 24 14:36:56 +05 2024 | CPU load%: 26
Tue Dec 24 14:36:59 +05 2024 | CPU load%: 26
Tue Dec 24 14:37:02 +05 2024 | CPU load%: 25
Tue Dec 24 14:37:05 +05 2024 | CPU load%: 23
Tue Dec 24 14:37:08 +05 2024 | CPU load%: 23
Tue Dec 24 14:37:14 +05 2024 | CPU load%: 22
Tue Dec 24 14:37:17 +05 2024 | CPU load%: 22
Tue Dec 24 14:37:20 +05 2024 | CPU load%: 21
Tue Dec 24 14:37:23 +05 2024 | CPU load%: 20
Tue Dec 24 14:37:26 +05 2024 | CPU load%: 20
Tue Dec 24 14:37:29 +05 2024 | CPU load%: 19
Tue Dec 24 14:38:02 +05 2024 | CPU load%: 33
Tue Dec 24 14:38:05 +05 2024 | CPU load%: 33
Tue Dec 24 14:38:09 +05 2024 | CPU load%: 37
Tue Dec 24 14:38:12 +05 2024 | CPU load%: 40
Tue Dec 24 14:38:16 +05 2024 | CPU load%: 40
Tue Dec 24 14:38:19 +05 2024 | CPU load%: 37
Tue Dec 24 14:38:26 +05 2024 | CPU load%: 34
Tue Dec 24 14:38:30 +05 2024 | CPU load%: 31
Tue Dec 24 14:38:33 +05 2024 | CPU load%: 31
Tue Dec 24 14:39:46 +05 2024 | CPU load%: 9
Tue Dec 24 14:39:49 +05 2024 | CPU load%: 9
Tue Dec 24 14:39:53 +05 2024 | CPU load%: 8
Tue Dec 24 14:39:56 +05 2024 | CPU load%: 8
Tue Dec 24 14:39:59 +05 2024 | CPU load%: 8
Tue Dec 24 14:40:03 +05 2024 | CPU load%: 7
Tue Dec 24 14:40:09 +05 2024 | CPU load%: 6
Tue Dec 24 14:40:13 +05 2024 | CPU load%: 6
Tue Dec 24 14:40:16 +05 2024 | CPU load%: 6
Tue Dec 24 14:40:20 +05 2024 | CPU load%: 5
Tue Dec 24 14:40:23 +05 2024 | CPU load%: 5
Tue Dec 24 14:40:27 +05 2024 | CPU load%: 5
Tue Dec 24 14:40:30 +05 2024 | CPU load%: 5
Tue Dec 24 14:40:34 +05 2024 | CPU load%: 4
Tue Dec 24 14:41:32 +05 2024 | CPU load%: 8
Tue Dec 24 14:42:23 +05 2024 | CPU load%: 9
Tue Dec 24 14:42:27 +05 2024 | CPU load%: 9
Tue Dec 24 14:42:33 +05 2024 | CPU load%: 8
Tue Dec 24 14:42:37 +05 2024 | CPU load%: 7
Tue Dec 24 14:42:40 +05 2024 | CPU load%: 7
Tue Dec 24 14:42:44 +05 2024 | CPU load%: 7
Tue Dec 24 15:08:19 +05 2024 | CPU load%: 33
Tue Dec 24 15:26:05 +05 2024 | CPU load%: 33
Tue Dec 24 15:26:26 +05 2024 | CPU load%: 30
Tue Dec 24 15:26:57 +05 2024 | CPU load%: 32
Tue Dec 24 15:27:18 +05 2024 | CPU load%: 30
Tue Dec 24 15:27:58 +05 2024 | CPU load%: 32
Tue Dec 24 15:28:19 +05 2024 | CPU load%: 30
Tue Dec 24 15:44:52 +05 2024 | CPU load%: 33
Tue Dec 24 15:44:59 +05 2024 | CPU load%: 30
Tue Dec 24 15:45:30 +05 2024 | CPU load%: 30
Tue Dec 24 17:07:58 +05 2024 | CPU load%: 33
Tue Dec 24 17:18:05 +05 2024 | CPU load%: 33
Tue Dec 24 17:23:20 +05 2024 | CPU load%: 30
Tue Dec 24 17:23:26 +05 2024 | CPU load%: 33
Tue Dec 24 17:50:32 +05 2024 | CPU load%: 33
Tue Dec 24 19:30:26 +05 2024 | CPU load%: 33
Tue Dec 24 19:30:29 +05 2024 | CPU load%: 33
Tue Dec 24 19:30:32 +05 2024 | CPU load%: 36
Tue Dec 24 19:30:35 +05 2024 | CPU load%: 36
Tue Dec 24 19:30:38 +05 2024 | CPU load%: 39
Tue Dec 24 19:30:41 +05 2024 | CPU load%: 42
Tue Dec 24 19:30:44 +05 2024 | CPU load%: 42
Tue Dec 24 19:30:50 +05 2024 | CPU load%: 45
Tue Dec 24 19:30:53 +05 2024 | CPU load%: 45
Tue Dec 24 19:30:56 +05 2024 | CPU load%: 47
Tue Dec 24 19:30:59 +05 2024 | CPU load%: 49
Tue Dec 24 19:31:02 +05 2024 | CPU load%: 49
Tue Dec 24 19:31:05 +05 2024 | CPU load%: 51
Tue Dec 24 19:31:08 +05 2024 | CPU load%: 51
Tue Dec 24 19:31:11 +05 2024 | CPU load%: 53
Tue Dec 24 19:31:14 +05 2024 | CPU load%: 55
Tue Dec 24 19:31:17 +05 2024 | CPU load%: 55
Tue Dec 24 19:31:20 +05 2024 | CPU load%: 50
Tue Dec 24 19:32:05 +05 2024 | CPU load%: 32
Tue Dec 24 19:32:08 +05 2024 | CPU load%: 35
Tue Dec 24 19:32:11 +05 2024 | CPU load%: 35
Tue Dec 24 19:32:14 +05 2024 | CPU load%: 38
Tue Dec 24 19:32:17 +05 2024 | CPU load%: 38
Tue Dec 24 19:33:45 +05 2024 | CPU load%: 32
Tue Dec 24 19:33:54 +05 2024 | CPU load%: 33
Tue Dec 24 19:33:57 +05 2024 | CPU load%: 36
Tue Dec 24 19:34:00 +05 2024 | CPU load%: 36
Tue Dec 24 19:34:03 +05 2024 | CPU load%: 39
Tue Dec 24 19:40:54 +05 2024 | CPU load%: 33
Tue Dec 24 19:40:57 +05 2024 | CPU load%: 33
Tue Dec 24 19:41:00 +05 2024 | CPU load%: 36
Tue Dec 24 19:41:03 +05 2024 | CPU load%: 39
Tue Dec 24 19:41:06 +05 2024 | CPU load%: 39
Tue Dec 24 19:41:46 +05 2024 | CPU load%: 51
Tue Dec 24 19:41:51 +05 2024 | CPU load%: 51
Tue Dec 24 19:41:54 +05 2024 | CPU load%: 46
Tue Dec 24 19:41:57 +05 2024 | CPU load%: 43
Tue Dec 24 19:42:00 +05 2024 | CPU load%: 43
Fri Jan  3 11:02:11 +05 2025 | CPU load: 42
Fri Jan  3 11:02:19 +05 2025 | CPU load: 42
Fri Jan  3 11:02:24 +05 2025 | CPU load: 42
Fri Jan  3 11:02:29 +05 2025 | CPU load: 42
Fri Jan  3 11:02:34 +05 2025 | CPU load: 42
Fri Jan  3 11:03:12 +05 2025 | CPU load: 42
Fri Jan  3 11:03:17 +05 2025 | CPU load: 42
Fri Jan  3 11:03:22 +05 2025 | CPU load: 42
Fri Jan  3 11:03:30 +05 2025 | CPU load: 42
Fri Jan  3 11:03:35 +05 2025 | CPU load: 42
Fri Jan  3 11:05:19 +05 2025 | CPU load: 25
Fri Jan  3 11:05:24 +05 2025 | CPU load: 26
Fri Jan  3 11:05:29 +05 2025 | CPU load: 27
Fri Jan  3 11:05:34 +05 2025 | CPU load: 28
Fri Jan  3 11:05:39 +05 2025 | CPU load: 30
